1622005081026:help
1622005087995:fab
1622005122432:fb "The Adventures of Dunno and His Friends"
1622008871300:fab
1622008884581:findBook "The Adventures of Dunno and His Friends"
1622008916142:fb The Adventures of Dunno and His Friends
1622008926470:fb "The Adventures of Dunno and His Friends"
1622008950126:help
1622008954751:exit
1622012132793:help
1622012140590:finAllBook
1622012146762:findAllBook
1622012194808:ibl Title "thor' name" genre_
1622012241199:db "The Adventures of Dunno and His Friends"
1622012246949:fab
1622012302253:ibl title athor genre
1622012314903:exit
1622013645269:ibl title athor genre
1622013685342:iba title athor genre
1622013941428:exit
1622013978862:iba title athor genre
1622014018632:exit
1622035079151:help
1622035084947:fab
1622035095007:fb "The Adventures of Dunno and His Friends"
1622035111781:db "The Adventures of Dunno and His Friends"
1622035125230:fb "The Adventures of Dunno and His Friends"
1622035159188:iba title "Authors name" genre
1622035173134:fab
1622035201403:iba title "Authors name" genre
1622035208306:fab
1622035227542:iba title "Authors bane" genre_1
1622035231867:fab
1622035270682:exit
1622035441504:help
1622035454269:iba title "Authors name" genre
1622035466696:iba title "Authors name" genre_1
1622035595648:exit
1622037410367:iba title "Authors name" genre
1622037581166:exit
1622037599143:iba title "Authors name" genre
1622037773788:exit
1622037896881:iba title "Authors name" genre
1622037905571:help
1622037910025:fab
1622037917624:iba title "Authors nane" genre_1
1622037922229:fab
1622037931746:exit
1622037970582:iba title "Authors name" genre
1622037984924:iba title "Authors nane" genre_1
1622038090921:iba title "Authors nane" genre_2
1622038166134:exit
1622039711238:iba title "Authors name" genre
1622039736484:iba title "Authors nane" genre_1
1622039802319:iba title "Authors name" genre_1
1622039829067:help
1622039832819:fab
1622039847319:iba "title" "Authors name" "genre"
1622039871219:fab
1622039877828:exit
1625032006754:help
1625032012189:fab
1625032272873:fb "Two captains"
1625032312608:fbr "Two captains"
1625032462076:sbr "Two captains" "Hello- Hellofbr "Two captains"fbr "Two captains""
1625032500513:sbr "Two captains" Hello
1625032516858:sbr "Two captains" "hello HELLO!!!"
1625032537863:fbr "Two captains"
1625032545628:exit
1625032877985:fab
1625032895465:exit
1625032917114:fab
1625032927677:exit
1625033035310:fab
1625033063873:exit
1625033306731:fab
1625033365257:exit
1625033634039:fab
1625033647039:fbr "The Adventures of Dunno and His Friends"
1625033733162:exit
1625033757337:fba
1625033761212:fab
1625033773540:fbr "The Adventures of Dunno and His Friends"
1625033794674:help
1625033816455:sbr "The Adventures of Dunno and His Friends" "Hello!!!! hel!!!!!"
1625033867215:fbr "The Adventures of Dunno and His Friends"
1625033870309:exit
1625033883112:fab
